<?xml version="1.0" encoding="UTF-8"?>
<testsuites name="Tests" tests="1" errors="0" failures="0" skipped="0" time="3.479" timestamp="2025-01-21T06:58:59.741000">
<testsuite name="Example Module" tests="1" errors="0" failures="0" skipped="0" time="2.731" timestamp="2025-01-21T06:59:00.149000">
<testsuite name="Example Test" tests="1" errors="0" failures="0" skipped="0" time="2.729" timestamp="2025-01-21T06:59:00.150000">
<testcase classname="Tests.Example Module.Example Test" name="Example test case" time="0.002">
</testcase>
</testsuite>
</testsuite>
</testsuites>